{"E:\\gitFiles\\PatientorCICD\\patientor-backend\\data\\diagnoses.ts": {"path":"E:\\gitFiles\\PatientorCICD\\patientor-backend\\data\\diagnoses.ts","statementMap":{"0":{"start":{"line":3,"column":25},"end":{"line":81,"column":2}},"1":{"start":{"line":83,"column":0},"end":{"line":83,"column":20}}},"fnMap":{},"branchMap":{},"s":{"0":2,"1":2},"f":{},"b":{}}
,"E:\\gitFiles\\PatientorCICD\\patientor-backend\\data\\patients.ts": {"path":"E:\\gitFiles\\PatientorCICD\\patientor-backend\\data\\patients.ts","statementMap":{"0":{"start":{"line":2,"column":0},"end":{"line":2,"column":63}},"1":{"start":{"line":4,"column":13},"end":{"line":114,"column":2}},"2":{"start":{"line":116,"column":32},"end":{"line":123,"column":2}},"3":{"start":{"line":117,"column":19},"end":{"line":117,"column":50}},"4":{"start":{"line":118,"column":2},"end":{"line":118,"column":21}},"5":{"start":{"line":119,"column":2},"end":{"line":121,"column":5}},"6":{"start":{"line":120,"column":4},"end":{"line":120,"column":26}},"7":{"start":{"line":122,"column":2},"end":{"line":122,"column":18}},"8":{"start":{"line":125,"column":0},"end":{"line":125,"column":28}}},"fnMap":{"0":{"name":"(anonymous_1)","decl":{"start":{"line":116,"column":41},"end":{"line":116,"column":42}},"loc":{"start":{"line":116,"column":47},"end":{"line":123,"column":1}}},"1":{"name":"(anonymous_2)","decl":{"start":{"line":119,"column":27},"end":{"line":119,"column":28}},"loc":{"start":{"line":119,"column":36},"end":{"line":121,"column":3}}}},"branchMap":{},"s":{"0":2,"1":2,"2":2,"3":10,"4":10,"5":10,"6":12,"7":10,"8":2},"f":{"0":10,"1":12},"b":{}}
,"E:\\gitFiles\\PatientorCICD\\patientor-backend\\src\\app.ts": {"path":"E:\\gitFiles\\PatientorCICD\\patientor-backend\\src\\app.ts","statementMap":{"0":{"start":{"line":1,"column":0},"end":{"line":1,"column":30}},"1":{"start":{"line":2,"column":0},"end":{"line":2,"column":24}},"2":{"start":{"line":4,"column":0},"end":{"line":4,"column":49}},"3":{"start":{"line":5,"column":0},"end":{"line":5,"column":46}},"4":{"start":{"line":7,"column":12},"end":{"line":7,"column":21}},"5":{"start":{"line":8,"column":0},"end":{"line":8,"column":16}},"6":{"start":{"line":9,"column":0},"end":{"line":9,"column":24}},"7":{"start":{"line":11,"column":0},"end":{"line":14,"column":3}},"8":{"start":{"line":12,"column":2},"end":{"line":12,"column":37}},"9":{"start":{"line":13,"column":2},"end":{"line":13,"column":19}},"10":{"start":{"line":16,"column":0},"end":{"line":16,"column":43}},"11":{"start":{"line":18,"column":0},"end":{"line":18,"column":40}},"12":{"start":{"line":20,"column":0},"end":{"line":20,"column":19}}},"fnMap":{"0":{"name":"(anonymous_1)","decl":{"start":{"line":11,"column":21},"end":{"line":11,"column":22}},"loc":{"start":{"line":11,"column":35},"end":{"line":14,"column":1}}}},"branchMap":{},"s":{"0":2,"1":2,"2":2,"3":2,"4":2,"5":2,"6":2,"7":2,"8":0,"9":0,"10":2,"11":2,"12":2},"f":{"0":0},"b":{}}
,"E:\\gitFiles\\PatientorCICD\\patientor-backend\\src\\types.ts": {"path":"E:\\gitFiles\\PatientorCICD\\patientor-backend\\src\\types.ts","statementMap":{"0":{"start":{"line":17,"column":0},"end":{"line":17,"column":null}},"1":{"start":{"line":18,"column":2},"end":{"line":18,"column":null}},"2":{"start":{"line":19,"column":2},"end":{"line":19,"column":null}},"3":{"start":{"line":20,"column":2},"end":{"line":20,"column":null}},"4":{"start":{"line":21,"column":2},"end":{"line":21,"column":null}},"5":{"start":{"line":24,"column":0},"end":{"line":24,"column":null}},"6":{"start":{"line":25,"column":2},"end":{"line":25,"column":null}},"7":{"start":{"line":26,"column":2},"end":{"line":26,"column":null}},"8":{"start":{"line":27,"column":2},"end":{"line":27,"column":null}},"9":{"start":{"line":69,"column":0},"end":{"line":69,"column":null}},"10":{"start":{"line":70,"column":2},"end":{"line":70,"column":null}},"11":{"start":{"line":71,"column":2},"end":{"line":71,"column":null}},"12":{"start":{"line":72,"column":2},"end":{"line":72,"column":null}}},"fnMap":{"0":{"name":"(anonymous_0)","decl":{"start":{"line":17,"column":0},"end":{"line":17,"column":12}},"loc":{"start":{"line":17,"column":29},"end":{"line":22,"column":1}}},"1":{"name":"(anonymous_1)","decl":{"start":{"line":24,"column":0},"end":{"line":24,"column":12}},"loc":{"start":{"line":24,"column":21},"end":{"line":28,"column":1}}},"2":{"name":"(anonymous_2)","decl":{"start":{"line":69,"column":0},"end":{"line":69,"column":12}},"loc":{"start":{"line":69,"column":18},"end":{"line":73,"column":1}}}},"branchMap":{"0":{"loc":{"start":{"line":17,"column":12},"end":{"line":17,"column":null}},"type":"binary-expr","locations":[{"start":{"line":17,"column":12},"end":{"line":17,"column":29}},{"start":{"line":17,"column":29},"end":{"line":17,"column":null}}]},"1":{"loc":{"start":{"line":24,"column":12},"end":{"line":24,"column":null}},"type":"binary-expr","locations":[{"start":{"line":24,"column":12},"end":{"line":24,"column":21}},{"start":{"line":24,"column":21},"end":{"line":24,"column":null}}]},"2":{"loc":{"start":{"line":69,"column":12},"end":{"line":69,"column":null}},"type":"binary-expr","locations":[{"start":{"line":69,"column":12},"end":{"line":69,"column":18}},{"start":{"line":69,"column":18},"end":{"line":69,"column":null}}]}},"s":{"0":2,"1":2,"2":2,"3":2,"4":2,"5":2,"6":2,"7":2,"8":2,"9":2,"10":2,"11":2,"12":2},"f":{"0":2,"1":2,"2":2},"b":{"0":[2,2],"1":[2,2],"2":[2,2]}}
,"E:\\gitFiles\\PatientorCICD\\patientor-backend\\src\\routes\\diagnoses.ts": {"path":"E:\\gitFiles\\PatientorCICD\\patientor-backend\\src\\routes\\diagnoses.ts","statementMap":{"0":{"start":{"line":1,"column":0},"end":{"line":1,"column":30}},"1":{"start":{"line":2,"column":0},"end":{"line":2,"column":58}},"2":{"start":{"line":4,"column":15},"end":{"line":4,"column":31}},"3":{"start":{"line":6,"column":0},"end":{"line":8,"column":3}},"4":{"start":{"line":7,"column":2},"end":{"line":7,"column":45}},"5":{"start":{"line":10,"column":0},"end":{"line":12,"column":3}},"6":{"start":{"line":11,"column":2},"end":{"line":11,"column":38}},"7":{"start":{"line":14,"column":0},"end":{"line":14,"column":22}}},"fnMap":{"0":{"name":"(anonymous_1)","decl":{"start":{"line":6,"column":16},"end":{"line":6,"column":17}},"loc":{"start":{"line":6,"column":30},"end":{"line":8,"column":1}}},"1":{"name":"(anonymous_2)","decl":{"start":{"line":10,"column":24},"end":{"line":10,"column":25}},"loc":{"start":{"line":10,"column":38},"end":{"line":12,"column":1}}}},"branchMap":{},"s":{"0":2,"1":2,"2":2,"3":2,"4":2,"5":2,"6":0,"7":2},"f":{"0":2,"1":0},"b":{}}
,"E:\\gitFiles\\PatientorCICD\\patientor-backend\\src\\routes\\patients.ts": {"path":"E:\\gitFiles\\PatientorCICD\\patientor-backend\\src\\routes\\patients.ts","statementMap":{"0":{"start":{"line":1,"column":0},"end":{"line":1,"column":30}},"1":{"start":{"line":2,"column":0},"end":{"line":2,"column":56}},"2":{"start":{"line":3,"column":0},"end":{"line":3,"column":59}},"3":{"start":{"line":4,"column":0},"end":{"line":4,"column":58}},"4":{"start":{"line":6,"column":15},"end":{"line":6,"column":31}},"5":{"start":{"line":8,"column":0},"end":{"line":10,"column":3}},"6":{"start":{"line":9,"column":2},"end":{"line":9,"column":37}},"7":{"start":{"line":12,"column":0},"end":{"line":14,"column":3}},"8":{"start":{"line":13,"column":2},"end":{"line":13,"column":49}},"9":{"start":{"line":16,"column":0},"end":{"line":18,"column":3}},"10":{"start":{"line":17,"column":2},"end":{"line":17,"column":53}},"11":{"start":{"line":20,"column":0},"end":{"line":32,"column":3}},"12":{"start":{"line":21,"column":2},"end":{"line":31,"column":null}},"13":{"start":{"line":22,"column":23},"end":{"line":22,"column":50}},"14":{"start":{"line":23,"column":26},"end":{"line":23,"column":61}},"15":{"start":{"line":24,"column":4},"end":{"line":24,"column":40}},"16":{"start":{"line":26,"column":23},"end":{"line":26,"column":47}},"17":{"start":{"line":27,"column":4},"end":{"line":29,"column":null}},"18":{"start":{"line":28,"column":6},"end":{"line":28,"column":49}},"19":{"start":{"line":30,"column":4},"end":{"line":30,"column":39}},"20":{"start":{"line":34,"column":0},"end":{"line":47,"column":3}},"21":{"start":{"line":35,"column":2},"end":{"line":46,"column":null}},"22":{"start":{"line":36,"column":21},"end":{"line":36,"column":44}},"23":{"start":{"line":37,"column":4},"end":{"line":39,"column":null}},"24":{"start":{"line":38,"column":6},"end":{"line":38,"column":66}},"25":{"start":{"line":41,"column":23},"end":{"line":41,"column":47}},"26":{"start":{"line":42,"column":4},"end":{"line":44,"column":null}},"27":{"start":{"line":43,"column":6},"end":{"line":43,"column":49}},"28":{"start":{"line":45,"column":4},"end":{"line":45,"column":39}},"29":{"start":{"line":50,"column":0},"end":{"line":50,"column":22}}},"fnMap":{"0":{"name":"(anonymous_1)","decl":{"start":{"line":8,"column":16},"end":{"line":8,"column":17}},"loc":{"start":{"line":8,"column":30},"end":{"line":10,"column":1}}},"1":{"name":"(anonymous_2)","decl":{"start":{"line":12,"column":19},"end":{"line":12,"column":20}},"loc":{"start":{"line":12,"column":32},"end":{"line":14,"column":1}}},"2":{"name":"(anonymous_3)","decl":{"start":{"line":16,"column":27},"end":{"line":16,"column":28}},"loc":{"start":{"line":16,"column":40},"end":{"line":18,"column":1}}},"3":{"name":"(anonymous_4)","decl":{"start":{"line":20,"column":17},"end":{"line":20,"column":18}},"loc":{"start":{"line":20,"column":30},"end":{"line":32,"column":1}}},"4":{"name":"(anonymous_5)","decl":{"start":{"line":34,"column":28},"end":{"line":34,"column":29}},"loc":{"start":{"line":34,"column":41},"end":{"line":47,"column":1}}}},"branchMap":{"0":{"loc":{"start":{"line":27,"column":4},"end":{"line":29,"column":null}},"type":"if","locations":[{"start":{"line":27,"column":4},"end":{"line":29,"column":null}}]},"1":{"loc":{"start":{"line":37,"column":4},"end":{"line":39,"column":null}},"type":"if","locations":[{"start":{"line":37,"column":4},"end":{"line":39,"column":null}}]},"2":{"loc":{"start":{"line":42,"column":4},"end":{"line":44,"column":null}},"type":"if","locations":[{"start":{"line":42,"column":4},"end":{"line":44,"column":null}}]}},"s":{"0":2,"1":2,"2":2,"3":2,"4":2,"5":2,"6":9,"7":2,"8":2,"9":2,"10":0,"11":2,"12":7,"13":7,"14":1,"15":1,"16":6,"17":6,"18":6,"19":6,"20":2,"21":0,"22":0,"23":0,"24":0,"25":0,"26":0,"27":0,"28":0,"29":2},"f":{"0":9,"1":2,"2":0,"3":7,"4":0},"b":{"0":[6],"1":[0],"2":[0]}}
,"E:\\gitFiles\\PatientorCICD\\patientor-backend\\src\\services\\diagnoseService.ts": {"path":"E:\\gitFiles\\PatientorCICD\\patientor-backend\\src\\services\\diagnoseService.ts","statementMap":{"0":{"start":{"line":1,"column":0},"end":{"line":1,"column":45}},"1":{"start":{"line":4,"column":16},"end":{"line":6,"column":1}},"2":{"start":{"line":5,"column":2},"end":{"line":5,"column":19}},"3":{"start":{"line":8,"column":23},"end":{"line":13,"column":1}},"4":{"start":{"line":9,"column":2},"end":{"line":12,"column":6}},"5":{"start":{"line":9,"column":44},"end":{"line":12,"column":4}},"6":{"start":{"line":15,"column":0},"end":{"line":18,"column":2}}},"fnMap":{"0":{"name":"(anonymous_1)","decl":{"start":{"line":4,"column":16},"end":{"line":4,"column":31}},"loc":{"start":{"line":4,"column":33},"end":{"line":6,"column":1}}},"1":{"name":"(anonymous_2)","decl":{"start":{"line":8,"column":23},"end":{"line":8,"column":45}},"loc":{"start":{"line":8,"column":47},"end":{"line":13,"column":1}}},"2":{"name":"(anonymous_3)","decl":{"start":{"line":9,"column":23},"end":{"line":9,"column":24}},"loc":{"start":{"line":9,"column":44},"end":{"line":12,"column":4}}}},"branchMap":{},"s":{"0":2,"1":2,"2":0,"3":2,"4":2,"5":30,"6":2},"f":{"0":0,"1":2,"2":30},"b":{}}
,"E:\\gitFiles\\PatientorCICD\\patientor-backend\\src\\services\\patientService.ts": {"path":"E:\\gitFiles\\PatientorCICD\\patientor-backend\\src\\services\\patientService.ts","statementMap":{"0":{"start":{"line":1,"column":0},"end":{"line":1,"column":36}},"1":{"start":{"line":2,"column":0},"end":{"line":2,"column":43}},"2":{"start":{"line":12,"column":32},"end":{"line":12,"column":40}},"3":{"start":{"line":14,"column":16},"end":{"line":25,"column":1}},"4":{"start":{"line":15,"column":2},"end":{"line":24,"column":4}},"5":{"start":{"line":16,"column":65},"end":{"line":23,"column":6}},"6":{"start":{"line":27,"column":15},"end":{"line":33,"column":1}},"7":{"start":{"line":28,"column":17},"end":{"line":28,"column":60}},"8":{"start":{"line":28,"column":43},"end":{"line":28,"column":59}},"9":{"start":{"line":29,"column":2},"end":{"line":31,"column":null}},"10":{"start":{"line":30,"column":4},"end":{"line":30,"column":60}},"11":{"start":{"line":32,"column":2},"end":{"line":32,"column":16}},"12":{"start":{"line":35,"column":19},"end":{"line":41,"column":1}},"13":{"start":{"line":36,"column":17},"end":{"line":36,"column":60}},"14":{"start":{"line":36,"column":43},"end":{"line":36,"column":59}},"15":{"start":{"line":37,"column":2},"end":{"line":39,"column":null}},"16":{"start":{"line":38,"column":4},"end":{"line":38,"column":60}},"17":{"start":{"line":40,"column":2},"end":{"line":40,"column":24}},"18":{"start":{"line":43,"column":17},"end":{"line":52,"column":1}},"19":{"start":{"line":44,"column":18},"end":{"line":47,"column":null}},"20":{"start":{"line":50,"column":2},"end":{"line":50,"column":32}},"21":{"start":{"line":51,"column":2},"end":{"line":51,"column":20}},"22":{"start":{"line":54,"column":18},"end":{"line":70,"column":1}},"23":{"start":{"line":55,"column":17},"end":{"line":55,"column":60}},"24":{"start":{"line":55,"column":43},"end":{"line":55,"column":59}},"25":{"start":{"line":56,"column":2},"end":{"line":58,"column":null}},"26":{"start":{"line":57,"column":4},"end":{"line":57,"column":60}},"27":{"start":{"line":59,"column":16},"end":{"line":61,"column":null}},"28":{"start":{"line":64,"column":17},"end":{"line":66,"column":null}},"29":{"start":{"line":69,"column":2},"end":{"line":69,"column":60}},"30":{"start":{"line":69,"column":30},"end":{"line":69,"column":57}},"31":{"start":{"line":72,"column":0},"end":{"line":78,"column":2}}},"fnMap":{"0":{"name":"(anonymous_1)","decl":{"start":{"line":14,"column":16},"end":{"line":14,"column":42}},"loc":{"start":{"line":14,"column":44},"end":{"line":25,"column":1}}},"1":{"name":"(anonymous_2)","decl":{"start":{"line":16,"column":4},"end":{"line":16,"column":5}},"loc":{"start":{"line":16,"column":65},"end":{"line":23,"column":6}}},"2":{"name":"(anonymous_3)","decl":{"start":{"line":27,"column":15},"end":{"line":27,"column":16}},"loc":{"start":{"line":27,"column":39},"end":{"line":33,"column":1}}},"3":{"name":"(anonymous_4)","decl":{"start":{"line":28,"column":31},"end":{"line":28,"column":32}},"loc":{"start":{"line":28,"column":43},"end":{"line":28,"column":59}}},"4":{"name":"(anonymous_5)","decl":{"start":{"line":35,"column":19},"end":{"line":35,"column":20}},"loc":{"start":{"line":35,"column":43},"end":{"line":41,"column":1}}},"5":{"name":"(anonymous_6)","decl":{"start":{"line":36,"column":31},"end":{"line":36,"column":32}},"loc":{"start":{"line":36,"column":43},"end":{"line":36,"column":59}}},"6":{"name":"(anonymous_7)","decl":{"start":{"line":43,"column":17},"end":{"line":43,"column":18}},"loc":{"start":{"line":43,"column":60},"end":{"line":52,"column":1}}},"7":{"name":"(anonymous_8)","decl":{"start":{"line":54,"column":18},"end":{"line":54,"column":19}},"loc":{"start":{"line":54,"column":56},"end":{"line":70,"column":1}}},"8":{"name":"(anonymous_9)","decl":{"start":{"line":55,"column":31},"end":{"line":55,"column":32}},"loc":{"start":{"line":55,"column":43},"end":{"line":55,"column":59}}},"9":{"name":"(anonymous_10)","decl":{"start":{"line":69,"column":22},"end":{"line":69,"column":23}},"loc":{"start":{"line":69,"column":30},"end":{"line":69,"column":57}}}},"branchMap":{"0":{"loc":{"start":{"line":29,"column":2},"end":{"line":31,"column":null}},"type":"if","locations":[{"start":{"line":29,"column":2},"end":{"line":31,"column":null}}]},"1":{"loc":{"start":{"line":37,"column":2},"end":{"line":39,"column":null}},"type":"if","locations":[{"start":{"line":37,"column":2},"end":{"line":39,"column":null}}]},"2":{"loc":{"start":{"line":56,"column":2},"end":{"line":58,"column":null}},"type":"if","locations":[{"start":{"line":56,"column":2},"end":{"line":58,"column":null}}]},"3":{"loc":{"start":{"line":69,"column":30},"end":{"line":69,"column":57}},"type":"cond-expr","locations":[{"start":{"line":69,"column":44},"end":{"line":69,"column":53}},{"start":{"line":69,"column":56},"end":{"line":69,"column":57}}]}},"s":{"0":2,"1":2,"2":2,"3":2,"4":9,"5":52,"6":2,"7":2,"8":8,"9":2,"10":0,"11":2,"12":2,"13":0,"14":0,"15":0,"16":0,"17":0,"18":2,"19":1,"20":1,"21":1,"22":2,"23":0,"24":0,"25":0,"26":0,"27":0,"28":0,"29":0,"30":0,"31":2},"f":{"0":9,"1":52,"2":2,"3":8,"4":0,"5":0,"6":1,"7":0,"8":0,"9":0},"b":{"0":[0],"1":[0],"2":[0],"3":[0,0]}}
,"E:\\gitFiles\\PatientorCICD\\patientor-backend\\src\\utils\\helpers.ts": {"path":"E:\\gitFiles\\PatientorCICD\\patientor-backend\\src\\utils\\helpers.ts","statementMap":{"0":{"start":{"line":1,"column":0},"end":{"line":1,"column":null}},"1":{"start":{"line":7,"column":24},"end":{"line":9,"column":1}},"2":{"start":{"line":8,"column":2},"end":{"line":8,"column":54}},"3":{"start":{"line":7,"column":13},"end":{"line":7,"column":24}},"4":{"start":{"line":11,"column":24},"end":{"line":13,"column":1}},"5":{"start":{"line":12,"column":2},"end":{"line":12,"column":54}},"6":{"start":{"line":11,"column":13},"end":{"line":11,"column":24}},"7":{"start":{"line":15,"column":22},"end":{"line":17,"column":1}},"8":{"start":{"line":16,"column":2},"end":{"line":16,"column":32}},"9":{"start":{"line":15,"column":13},"end":{"line":15,"column":22}},"10":{"start":{"line":19,"column":22},"end":{"line":23,"column":1}},"11":{"start":{"line":20,"column":2},"end":{"line":22,"column":17}},"12":{"start":{"line":21,"column":16},"end":{"line":21,"column":28}},"13":{"start":{"line":19,"column":13},"end":{"line":19,"column":22}},"14":{"start":{"line":25,"column":24},"end":{"line":29,"column":1}},"15":{"start":{"line":26,"column":2},"end":{"line":28,"column":17}},"16":{"start":{"line":27,"column":16},"end":{"line":27,"column":28}},"17":{"start":{"line":25,"column":13},"end":{"line":25,"column":24}},"18":{"start":{"line":31,"column":24},"end":{"line":35,"column":1}},"19":{"start":{"line":32,"column":2},"end":{"line":34,"column":17}},"20":{"start":{"line":33,"column":16},"end":{"line":33,"column":25}},"21":{"start":{"line":31,"column":13},"end":{"line":31,"column":24}},"22":{"start":{"line":37,"column":27},"end":{"line":42,"column":1}},"23":{"start":{"line":38,"column":2},"end":{"line":40,"column":null}},"24":{"start":{"line":39,"column":4},"end":{"line":39,"column":50}},"25":{"start":{"line":41,"column":2},"end":{"line":41,"column":11}},"26":{"start":{"line":37,"column":13},"end":{"line":37,"column":27}},"27":{"start":{"line":44,"column":25},"end":{"line":49,"column":1}},"28":{"start":{"line":45,"column":2},"end":{"line":47,"column":null}},"29":{"start":{"line":46,"column":4},"end":{"line":46,"column":48}},"30":{"start":{"line":48,"column":2},"end":{"line":48,"column":11}},"31":{"start":{"line":44,"column":13},"end":{"line":44,"column":25}},"32":{"start":{"line":51,"column":30},"end":{"line":60,"column":1}},"33":{"start":{"line":52,"column":2},"end":{"line":58,"column":null}},"34":{"start":{"line":53,"column":29},"end":{"line":53,"column":31}},"35":{"start":{"line":54,"column":4},"end":{"line":56,"column":7}},"36":{"start":{"line":55,"column":6},"end":{"line":55,"column":41}},"37":{"start":{"line":57,"column":4},"end":{"line":57,"column":18}},"38":{"start":{"line":59,"column":2},"end":{"line":59,"column":12}},"39":{"start":{"line":51,"column":13},"end":{"line":51,"column":30}},"40":{"start":{"line":62,"column":25},"end":{"line":68,"column":1}},"41":{"start":{"line":63,"column":16},"end":{"line":63,"column":55}},"42":{"start":{"line":64,"column":2},"end":{"line":66,"column":null}},"43":{"start":{"line":65,"column":4},"end":{"line":65,"column":68}},"44":{"start":{"line":67,"column":2},"end":{"line":67,"column":11}},"45":{"start":{"line":62,"column":13},"end":{"line":62,"column":25}},"46":{"start":{"line":70,"column":24},"end":{"line":78,"column":1}},"47":{"start":{"line":71,"column":16},"end":{"line":71,"column":49}},"48":{"start":{"line":72,"column":2},"end":{"line":76,"column":null}},"49":{"start":{"line":73,"column":4},"end":{"line":75,"column":6}},"50":{"start":{"line":77,"column":2},"end":{"line":77,"column":11}},"51":{"start":{"line":70,"column":13},"end":{"line":70,"column":24}},"52":{"start":{"line":80,"column":27},"end":{"line":87,"column":1}},"53":{"start":{"line":81,"column":2},"end":{"line":85,"column":null}},"54":{"start":{"line":82,"column":4},"end":{"line":84,"column":6}},"55":{"start":{"line":86,"column":2},"end":{"line":86,"column":11}},"56":{"start":{"line":80,"column":13},"end":{"line":80,"column":27}},"57":{"start":{"line":89,"column":27},"end":{"line":94,"column":1}},"58":{"start":{"line":90,"column":2},"end":{"line":92,"column":null}},"59":{"start":{"line":91,"column":4},"end":{"line":91,"column":74}},"60":{"start":{"line":93,"column":2},"end":{"line":93,"column":11}},"61":{"start":{"line":89,"column":13},"end":{"line":89,"column":27}}},"fnMap":{"0":{"name":"(anonymous_0)","decl":{"start":{"line":7,"column":24},"end":{"line":7,"column":25}},"loc":{"start":{"line":7,"column":52},"end":{"line":9,"column":1}}},"1":{"name":"(anonymous_1)","decl":{"start":{"line":11,"column":24},"end":{"line":11,"column":25}},"loc":{"start":{"line":11,"column":52},"end":{"line":13,"column":1}}},"2":{"name":"(anonymous_2)","decl":{"start":{"line":15,"column":22},"end":{"line":15,"column":23}},"loc":{"start":{"line":15,"column":45},"end":{"line":17,"column":1}}},"3":{"name":"(anonymous_3)","decl":{"start":{"line":19,"column":22},"end":{"line":19,"column":23}},"loc":{"start":{"line":19,"column":52},"end":{"line":23,"column":1}}},"4":{"name":"(anonymous_4)","decl":{"start":{"line":21,"column":9},"end":{"line":21,"column":10}},"loc":{"start":{"line":21,"column":16},"end":{"line":21,"column":28}}},"5":{"name":"(anonymous_5)","decl":{"start":{"line":25,"column":24},"end":{"line":25,"column":25}},"loc":{"start":{"line":25,"column":51},"end":{"line":29,"column":1}}},"6":{"name":"(anonymous_6)","decl":{"start":{"line":27,"column":9},"end":{"line":27,"column":10}},"loc":{"start":{"line":27,"column":16},"end":{"line":27,"column":28}}},"7":{"name":"(anonymous_7)","decl":{"start":{"line":31,"column":24},"end":{"line":31,"column":25}},"loc":{"start":{"line":31,"column":62},"end":{"line":35,"column":1}}},"8":{"name":"(anonymous_8)","decl":{"start":{"line":33,"column":9},"end":{"line":33,"column":10}},"loc":{"start":{"line":33,"column":16},"end":{"line":33,"column":25}}},"9":{"name":"(anonymous_9)","decl":{"start":{"line":37,"column":27},"end":{"line":37,"column":28}},"loc":{"start":{"line":37,"column":50},"end":{"line":42,"column":1}}},"10":{"name":"(anonymous_10)","decl":{"start":{"line":44,"column":25},"end":{"line":44,"column":26}},"loc":{"start":{"line":44,"column":51},"end":{"line":49,"column":1}}},"11":{"name":"(anonymous_11)","decl":{"start":{"line":51,"column":30},"end":{"line":51,"column":31}},"loc":{"start":{"line":51,"column":45},"end":{"line":60,"column":1}}},"12":{"name":"(anonymous_12)","decl":{"start":{"line":54,"column":14},"end":{"line":54,"column":15}},"loc":{"start":{"line":54,"column":18},"end":{"line":56,"column":5}}},"13":{"name":"(anonymous_13)","decl":{"start":{"line":62,"column":25},"end":{"line":62,"column":26}},"loc":{"start":{"line":62,"column":48},"end":{"line":68,"column":1}}},"14":{"name":"(anonymous_14)","decl":{"start":{"line":70,"column":24},"end":{"line":70,"column":25}},"loc":{"start":{"line":70,"column":47},"end":{"line":78,"column":1}}},"15":{"name":"(anonymous_15)","decl":{"start":{"line":80,"column":27},"end":{"line":80,"column":28}},"loc":{"start":{"line":80,"column":50},"end":{"line":87,"column":1}}},"16":{"name":"(anonymous_16)","decl":{"start":{"line":89,"column":27},"end":{"line":89,"column":28}},"loc":{"start":{"line":89,"column":61},"end":{"line":94,"column":1}}}},"branchMap":{"0":{"loc":{"start":{"line":8,"column":9},"end":{"line":8,"column":53}},"type":"binary-expr","locations":[{"start":{"line":8,"column":9},"end":{"line":8,"column":30}},{"start":{"line":8,"column":34},"end":{"line":8,"column":53}}]},"1":{"loc":{"start":{"line":12,"column":9},"end":{"line":12,"column":53}},"type":"binary-expr","locations":[{"start":{"line":12,"column":9},"end":{"line":12,"column":30}},{"start":{"line":12,"column":34},"end":{"line":12,"column":53}}]},"2":{"loc":{"start":{"line":38,"column":2},"end":{"line":40,"column":null}},"type":"if","locations":[{"start":{"line":38,"column":2},"end":{"line":40,"column":null}}]},"3":{"loc":{"start":{"line":38,"column":6},"end":{"line":38,"column":24}},"type":"binary-expr","locations":[{"start":{"line":38,"column":6},"end":{"line":38,"column":8}},{"start":{"line":38,"column":12},"end":{"line":38,"column":24}}]},"4":{"loc":{"start":{"line":45,"column":2},"end":{"line":47,"column":null}},"type":"if","locations":[{"start":{"line":45,"column":2},"end":{"line":47,"column":null}}]},"5":{"loc":{"start":{"line":45,"column":6},"end":{"line":45,"column":38}},"type":"binary-expr","locations":[{"start":{"line":45,"column":6},"end":{"line":45,"column":8}},{"start":{"line":45,"column":12},"end":{"line":45,"column":24}},{"start":{"line":45,"column":28},"end":{"line":45,"column":38}}]},"6":{"loc":{"start":{"line":52,"column":2},"end":{"line":58,"column":null}},"type":"if","locations":[{"start":{"line":52,"column":2},"end":{"line":58,"column":null}}]},"7":{"loc":{"start":{"line":64,"column":2},"end":{"line":66,"column":null}},"type":"if","locations":[{"start":{"line":64,"column":2},"end":{"line":66,"column":null}}]},"8":{"loc":{"start":{"line":64,"column":6},"end":{"line":64,"column":53}},"type":"binary-expr","locations":[{"start":{"line":64,"column":6},"end":{"line":64,"column":13}},{"start":{"line":64,"column":17},"end":{"line":64,"column":29}},{"start":{"line":64,"column":33},"end":{"line":64,"column":35}},{"start":{"line":64,"column":39},"end":{"line":64,"column":53}}]},"9":{"loc":{"start":{"line":72,"column":2},"end":{"line":76,"column":null}},"type":"if","locations":[{"start":{"line":72,"column":2},"end":{"line":76,"column":null}}]},"10":{"loc":{"start":{"line":72,"column":6},"end":{"line":72,"column":42}},"type":"binary-expr","locations":[{"start":{"line":72,"column":6},"end":{"line":72,"column":8}},{"start":{"line":72,"column":12},"end":{"line":72,"column":24}},{"start":{"line":72,"column":28},"end":{"line":72,"column":42}}]},"11":{"loc":{"start":{"line":81,"column":2},"end":{"line":85,"column":null}},"type":"if","locations":[{"start":{"line":81,"column":2},"end":{"line":85,"column":null}}]},"12":{"loc":{"start":{"line":81,"column":6},"end":{"line":81,"column":40}},"type":"binary-expr","locations":[{"start":{"line":81,"column":6},"end":{"line":81,"column":8}},{"start":{"line":81,"column":12},"end":{"line":81,"column":24}},{"start":{"line":81,"column":28},"end":{"line":81,"column":40}}]},"13":{"loc":{"start":{"line":90,"column":2},"end":{"line":92,"column":null}},"type":"if","locations":[{"start":{"line":90,"column":2},"end":{"line":92,"column":null}}]},"14":{"loc":{"start":{"line":90,"column":6},"end":{"line":90,"column":34}},"type":"binary-expr","locations":[{"start":{"line":90,"column":6},"end":{"line":90,"column":18}},{"start":{"line":90,"column":22},"end":{"line":90,"column":34}}]}},"s":{"0":2,"1":2,"2":144,"3":2,"4":2,"5":6,"6":2,"7":2,"8":0,"9":2,"10":2,"11":12,"12":36,"13":2,"14":2,"15":15,"16":45,"17":2,"18":2,"19":6,"20":48,"21":2,"22":2,"23":66,"24":0,"25":66,"26":2,"27":2,"28":12,"29":0,"30":12,"31":2,"32":2,"33":4,"34":4,"35":4,"36":8,"37":4,"38":0,"39":2,"40":2,"41":35,"42":35,"43":1,"44":34,"45":2,"46":2,"47":16,"48":16,"49":1,"50":15,"51":2,"52":2,"53":15,"54":4,"55":11,"56":2,"57":2,"58":6,"59":0,"60":6,"61":2},"f":{"0":144,"1":6,"2":0,"3":12,"4":36,"5":15,"6":45,"7":6,"8":48,"9":66,"10":12,"11":4,"12":8,"13":35,"14":16,"15":15,"16":6},"b":{"0":[144,0],"1":[6,0],"2":[0],"3":[66,66],"4":[0],"5":[12,12,12],"6":[4],"7":[1],"8":[35,35,35,35],"9":[1],"10":[16,16,16],"11":[4],"12":[15,15,15],"13":[0],"14":[6,6]}}
,"E:\\gitFiles\\PatientorCICD\\patientor-backend\\src\\utils\\patientDataParser.ts": {"path":"E:\\gitFiles\\PatientorCICD\\patientor-backend\\src\\utils\\patientDataParser.ts","statementMap":{"0":{"start":{"line":2,"column":0},"end":{"line":2,"column":74}},"1":{"start":{"line":3,"column":0},"end":{"line":3,"column":51}},"2":{"start":{"line":5,"column":29},"end":{"line":39,"column":1}},"3":{"start":{"line":6,"column":2},"end":{"line":8,"column":null}},"4":{"start":{"line":7,"column":4},"end":{"line":7,"column":54}},"5":{"start":{"line":9,"column":2},"end":{"line":37,"column":null}},"6":{"start":{"line":16,"column":38},"end":{"line":16,"column":40}},"7":{"start":{"line":17,"column":4},"end":{"line":27,"column":null}},"8":{"start":{"line":18,"column":6},"end":{"line":26,"column":9}},"9":{"start":{"line":19,"column":23},"end":{"line":19,"column":43}},"10":{"start":{"line":22,"column":8},"end":{"line":25,"column":null}},"11":{"start":{"line":23,"column":10},"end":{"line":23,"column":31}},"12":{"start":{"line":28,"column":33},"end":{"line":35,"column":6}},"13":{"start":{"line":36,"column":4},"end":{"line":36,"column":20}},"14":{"start":{"line":38,"column":2},"end":{"line":38,"column":47}},"15":{"start":{"line":41,"column":0},"end":{"line":41,"column":36}}},"fnMap":{"0":{"name":"(anonymous_1)","decl":{"start":{"line":5,"column":29},"end":{"line":5,"column":30}},"loc":{"start":{"line":5,"column":58},"end":{"line":39,"column":1}}},"1":{"name":"(anonymous_2)","decl":{"start":{"line":18,"column":26},"end":{"line":18,"column":27}},"loc":{"start":{"line":18,"column":52},"end":{"line":26,"column":7}}}},"branchMap":{"0":{"loc":{"start":{"line":6,"column":2},"end":{"line":8,"column":null}},"type":"if","locations":[{"start":{"line":6,"column":2},"end":{"line":8,"column":null}}]},"1":{"loc":{"start":{"line":6,"column":6},"end":{"line":6,"column":37}},"type":"binary-expr","locations":[{"start":{"line":6,"column":6},"end":{"line":6,"column":10}},{"start":{"line":6,"column":14},"end":{"line":6,"column":37}}]},"2":{"loc":{"start":{"line":9,"column":2},"end":{"line":37,"column":null}},"type":"if","locations":[{"start":{"line":9,"column":2},"end":{"line":37,"column":null}}]},"3":{"loc":{"start":{"line":10,"column":4},"end":{"line":14,"column":23}},"type":"binary-expr","locations":[{"start":{"line":10,"column":4},"end":{"line":10,"column":17}},{"start":{"line":11,"column":4},"end":{"line":11,"column":24}},{"start":{"line":12,"column":4},"end":{"line":12,"column":16}},{"start":{"line":13,"column":4},"end":{"line":13,"column":19}},{"start":{"line":14,"column":4},"end":{"line":14,"column":23}}]},"4":{"loc":{"start":{"line":17,"column":4},"end":{"line":27,"column":null}},"type":"if","locations":[{"start":{"line":17,"column":4},"end":{"line":27,"column":null}}]},"5":{"loc":{"start":{"line":17,"column":8},"end":{"line":17,"column":56}},"type":"binary-expr","locations":[{"start":{"line":17,"column":8},"end":{"line":17,"column":24}},{"start":{"line":17,"column":28},"end":{"line":17,"column":56}}]},"6":{"loc":{"start":{"line":22,"column":8},"end":{"line":25,"column":null}},"type":"if","locations":[{"start":{"line":22,"column":8},"end":{"line":25,"column":null}}]}},"s":{"0":2,"1":2,"2":2,"3":17,"4":0,"5":17,"6":17,"7":17,"8":10,"9":12,"10":12,"11":12,"12":17,"13":11,"14":0,"15":2},"f":{"0":17,"1":12},"b":{"0":[0],"1":[17,17],"2":[17],"3":[17,17,17,17,17],"4":[10],"5":[17,10],"6":[12]}}
,"E:\\gitFiles\\PatientorCICD\\patientor-backend\\src\\utils\\patientEntriesParser.ts": {"path":"E:\\gitFiles\\PatientorCICD\\patientor-backend\\src\\utils\\patientEntriesParser.ts","statementMap":{"0":{"start":{"line":2,"column":0},"end":{"line":2,"column":null}},"1":{"start":{"line":10,"column":22},"end":{"line":115,"column":1}},"2":{"start":{"line":11,"column":2},"end":{"line":13,"column":null}},"3":{"start":{"line":12,"column":4},"end":{"line":12,"column":58}},"4":{"start":{"line":14,"column":2},"end":{"line":113,"column":null}},"5":{"start":{"line":20,"column":4},"end":{"line":112,"column":null}},"6":{"start":{"line":22,"column":8},"end":{"line":49,"column":null}},"7":{"start":{"line":29,"column":42},"end":{"line":38,"column":12}},"8":{"start":{"line":40,"column":10},"end":{"line":46,"column":null}},"9":{"start":{"line":42,"column":12},"end":{"line":45,"column":14}},"10":{"start":{"line":48,"column":10},"end":{"line":48,"column":27}},"11":{"start":{"line":50,"column":8},"end":{"line":50,"column":20}},"12":{"start":{"line":52,"column":8},"end":{"line":87,"column":null}},"13":{"start":{"line":53,"column":41},"end":{"line":59,"column":12}},"14":{"start":{"line":61,"column":10},"end":{"line":67,"column":null}},"15":{"start":{"line":63,"column":12},"end":{"line":66,"column":14}},"16":{"start":{"line":69,"column":10},"end":{"line":84,"column":null}},"17":{"start":{"line":77,"column":12},"end":{"line":83,"column":14}},"18":{"start":{"line":86,"column":10},"end":{"line":86,"column":26}},"19":{"start":{"line":88,"column":8},"end":{"line":88,"column":20}},"20":{"start":{"line":90,"column":8},"end":{"line":108,"column":null}},"21":{"start":{"line":91,"column":41},"end":{"line":97,"column":12}},"22":{"start":{"line":99,"column":10},"end":{"line":105,"column":null}},"23":{"start":{"line":100,"column":12},"end":{"line":100,"column":49}},"24":{"start":{"line":101,"column":12},"end":{"line":104,"column":14}},"25":{"start":{"line":107,"column":10},"end":{"line":107,"column":26}},"26":{"start":{"line":109,"column":8},"end":{"line":109,"column":20}},"27":{"start":{"line":111,"column":8},"end":{"line":111,"column":54}},"28":{"start":{"line":114,"column":2},"end":{"line":114,"column":43}},"29":{"start":{"line":117,"column":0},"end":{"line":117,"column":29}}},"fnMap":{"0":{"name":"(anonymous_0)","decl":{"start":{"line":10,"column":22},"end":{"line":10,"column":23}},"loc":{"start":{"line":10,"column":64},"end":{"line":115,"column":1}}}},"branchMap":{"0":{"loc":{"start":{"line":11,"column":2},"end":{"line":13,"column":null}},"type":"if","locations":[{"start":{"line":11,"column":2},"end":{"line":13,"column":null}}]},"1":{"loc":{"start":{"line":11,"column":6},"end":{"line":11,"column":41}},"type":"binary-expr","locations":[{"start":{"line":11,"column":6},"end":{"line":11,"column":12}},{"start":{"line":11,"column":16},"end":{"line":11,"column":41}}]},"2":{"loc":{"start":{"line":14,"column":2},"end":{"line":113,"column":null}},"type":"if","locations":[{"start":{"line":14,"column":2},"end":{"line":113,"column":null}}]},"3":{"loc":{"start":{"line":15,"column":4},"end":{"line":18,"column":26}},"type":"binary-expr","locations":[{"start":{"line":15,"column":4},"end":{"line":15,"column":19}},{"start":{"line":16,"column":4},"end":{"line":16,"column":19}},{"start":{"line":17,"column":4},"end":{"line":17,"column":25}},{"start":{"line":18,"column":4},"end":{"line":18,"column":26}}]},"4":{"loc":{"start":{"line":20,"column":4},"end":{"line":112,"column":null}},"type":"switch","locations":[{"start":{"line":21,"column":6},"end":{"line":50,"column":20}},{"start":{"line":51,"column":6},"end":{"line":88,"column":20}},{"start":{"line":89,"column":6},"end":{"line":109,"column":20}},{"start":{"line":110,"column":6},"end":{"line":111,"column":54}}]},"5":{"loc":{"start":{"line":22,"column":8},"end":{"line":49,"column":null}},"type":"if","locations":[{"start":{"line":22,"column":8},"end":{"line":49,"column":null}}]},"6":{"loc":{"start":{"line":23,"column":10},"end":{"line":27,"column":39}},"type":"binary-expr","locations":[{"start":{"line":23,"column":10},"end":{"line":23,"column":30}},{"start":{"line":24,"column":10},"end":{"line":24,"column":25}},{"start":{"line":25,"column":10},"end":{"line":25,"column":45}},{"start":{"line":26,"column":10},"end":{"line":26,"column":35}},{"start":{"line":27,"column":10},"end":{"line":27,"column":39}}]},"7":{"loc":{"start":{"line":40,"column":10},"end":{"line":46,"column":null}},"type":"if","locations":[{"start":{"line":40,"column":10},"end":{"line":46,"column":null}}]},"8":{"loc":{"start":{"line":52,"column":8},"end":{"line":87,"column":null}},"type":"if","locations":[{"start":{"line":52,"column":8},"end":{"line":87,"column":null}}]},"9":{"loc":{"start":{"line":61,"column":10},"end":{"line":67,"column":null}},"type":"if","locations":[{"start":{"line":61,"column":10},"end":{"line":67,"column":null}}]},"10":{"loc":{"start":{"line":69,"column":10},"end":{"line":84,"column":null}},"type":"if","locations":[{"start":{"line":69,"column":10},"end":{"line":84,"column":null}}]},"11":{"loc":{"start":{"line":70,"column":12},"end":{"line":74,"column":40}},"type":"binary-expr","locations":[{"start":{"line":70,"column":12},"end":{"line":70,"column":32}},{"start":{"line":71,"column":12},"end":{"line":71,"column":47}},{"start":{"line":72,"column":12},"end":{"line":72,"column":27}},{"start":{"line":73,"column":12},"end":{"line":73,"column":42}},{"start":{"line":74,"column":12},"end":{"line":74,"column":40}}]},"12":{"loc":{"start":{"line":90,"column":8},"end":{"line":108,"column":null}},"type":"if","locations":[{"start":{"line":90,"column":8},"end":{"line":108,"column":null}}]},"13":{"loc":{"start":{"line":99,"column":10},"end":{"line":105,"column":null}},"type":"if","locations":[{"start":{"line":99,"column":10},"end":{"line":105,"column":null}}]}},"s":{"0":2,"1":2,"2":12,"3":0,"4":12,"5":12,"6":2,"7":2,"8":2,"9":2,"10":2,"11":0,"12":4,"13":4,"14":4,"15":2,"16":4,"17":2,"18":4,"19":0,"20":6,"21":6,"22":6,"23":0,"24":0,"25":6,"26":0,"27":0,"28":0,"29":2},"f":{"0":12},"b":{"0":[0],"1":[12,12],"2":[12],"3":[12,12,12,12],"4":[2,4,6,0],"5":[2],"6":[2,2,2,2,2],"7":[2],"8":[4],"9":[2],"10":[2],"11":[4,2,2,2,2],"12":[6],"13":[0]}}
}
