TN:
SF:data\diagnoses.ts
FNF:0
FNH:0
DA:3,1
DA:83,1
LF:2
LH:2
BRF:0
BRH:0
end_of_record
TN:
SF:data\patients.ts
FN:116,(anonymous_1)
FN:119,(anonymous_2)
FNF:2
FNH:2
FNDA:5,(anonymous_1)
FNDA:6,(anonymous_2)
DA:2,1
DA:4,1
DA:116,1
DA:117,5
DA:118,5
DA:119,5
DA:120,6
DA:122,5
DA:125,1
LF:9
LH:9
BRF:0
BRH:0
end_of_record
TN:
SF:src\app.ts
FN:11,(anonymous_1)
FNF:1
FNH:0
FNDA:0,(anonymous_1)
DA:1,1
DA:2,1
DA:4,1
DA:5,1
DA:7,1
DA:8,1
DA:9,1
DA:11,1
DA:12,0
DA:13,0
DA:16,1
DA:18,1
DA:20,1
LF:13
LH:11
BRF:0
BRH:0
end_of_record
TN:
SF:src\types.ts
FN:17,(anonymous_0)
FN:24,(anonymous_1)
FN:69,(anonymous_2)
FNF:3
FNH:3
FNDA:1,(anonymous_0)
FNDA:1,(anonymous_1)
FNDA:1,(anonymous_2)
DA:17,1
DA:18,1
DA:19,1
DA:20,1
DA:21,1
DA:24,1
DA:25,1
DA:26,1
DA:27,1
DA:69,1
DA:70,1
DA:71,1
DA:72,1
LF:13
LH:13
BRDA:17,0,0,1
BRDA:17,0,1,1
BRDA:24,1,0,1
BRDA:24,1,1,1
BRDA:69,2,0,1
BRDA:69,2,1,1
BRF:6
BRH:6
end_of_record
TN:
SF:src\routes\diagnoses.ts
FN:6,(anonymous_1)
FN:10,(anonymous_2)
FNF:2
FNH:1
FNDA:2,(anonymous_1)
FNDA:0,(anonymous_2)
DA:1,1
DA:2,1
DA:4,1
DA:6,1
DA:7,2
DA:10,1
DA:11,0
DA:14,1
LF:8
LH:7
BRF:0
BRH:0
end_of_record
TN:
SF:src\routes\patients.ts
FN:8,(anonymous_1)
FN:12,(anonymous_2)
FN:16,(anonymous_3)
FN:20,(anonymous_4)
FN:34,(anonymous_5)
FNF:5
FNH:2
FNDA:2,(anonymous_1)
FNDA:1,(anonymous_2)
FNDA:0,(anonymous_3)
FNDA:0,(anonymous_4)
FNDA:0,(anonymous_5)
DA:1,1
DA:2,1
DA:3,1
DA:4,1
DA:6,1
DA:8,1
DA:9,2
DA:12,1
DA:13,1
DA:16,1
DA:17,0
DA:20,1
DA:21,0
DA:22,0
DA:23,0
DA:24,0
DA:26,0
DA:27,0
DA:28,0
DA:30,0
DA:34,1
DA:35,0
DA:36,0
DA:37,0
DA:38,0
DA:41,0
DA:42,0
DA:43,0
DA:45,0
DA:50,1
LF:30
LH:13
BRDA:27,0,0,0
BRDA:37,1,0,0
BRDA:42,2,0,0
BRF:3
BRH:0
end_of_record
TN:
SF:src\services\diagnoseService.ts
FN:4,(anonymous_1)
FN:8,(anonymous_2)
FN:9,(anonymous_3)
FNF:3
FNH:2
FNDA:0,(anonymous_1)
FNDA:2,(anonymous_2)
FNDA:30,(anonymous_3)
DA:1,1
DA:4,1
DA:5,0
DA:8,1
DA:9,30
DA:15,1
LF:6
LH:5
BRF:0
BRH:0
end_of_record
TN:
SF:src\services\patientService.ts
FN:14,(anonymous_1)
FN:16,(anonymous_2)
FN:27,(anonymous_3)
FN:28,(anonymous_4)
FN:35,(anonymous_5)
FN:36,(anonymous_6)
FN:43,(anonymous_7)
FN:54,(anonymous_8)
FN:55,(anonymous_9)
FN:69,(anonymous_10)
FNF:10
FNH:4
FNDA:2,(anonymous_1)
FNDA:10,(anonymous_2)
FNDA:1,(anonymous_3)
FNDA:4,(anonymous_4)
FNDA:0,(anonymous_5)
FNDA:0,(anonymous_6)
FNDA:0,(anonymous_7)
FNDA:0,(anonymous_8)
FNDA:0,(anonymous_9)
FNDA:0,(anonymous_10)
DA:1,1
DA:2,1
DA:12,1
DA:14,1
DA:15,2
DA:16,10
DA:27,1
DA:28,4
DA:29,1
DA:30,0
DA:32,1
DA:35,1
DA:36,0
DA:37,0
DA:38,0
DA:40,0
DA:43,1
DA:44,0
DA:50,0
DA:51,0
DA:54,1
DA:55,0
DA:56,0
DA:57,0
DA:59,0
DA:64,0
DA:69,0
DA:72,1
LF:28
LH:14
BRDA:29,0,0,0
BRDA:37,1,0,0
BRDA:56,2,0,0
BRDA:69,3,0,0
BRDA:69,3,1,0
BRF:5
BRH:0
end_of_record
TN:
SF:src\utils\helpers.ts
FN:7,(anonymous_0)
FN:11,(anonymous_1)
FN:15,(anonymous_2)
FN:19,(anonymous_3)
FN:21,(anonymous_4)
FN:25,(anonymous_5)
FN:27,(anonymous_6)
FN:31,(anonymous_7)
FN:33,(anonymous_8)
FN:37,(anonymous_9)
FN:44,(anonymous_10)
FN:51,(anonymous_11)
FN:54,(anonymous_12)
FN:62,(anonymous_13)
FN:70,(anonymous_14)
FN:80,(anonymous_15)
FN:89,(anonymous_16)
FNF:17
FNH:16
FNDA:59,(anonymous_0)
FNDA:3,(anonymous_1)
FNDA:0,(anonymous_2)
FNDA:6,(anonymous_3)
FNDA:18,(anonymous_4)
FNDA:5,(anonymous_5)
FNDA:15,(anonymous_6)
FNDA:3,(anonymous_7)
FNDA:24,(anonymous_8)
FNDA:29,(anonymous_9)
FNDA:6,(anonymous_10)
FNDA:2,(anonymous_11)
FNDA:4,(anonymous_12)
FNDA:14,(anonymous_13)
FNDA:5,(anonymous_14)
FNDA:5,(anonymous_15)
FNDA:3,(anonymous_16)
DA:1,1
DA:7,1
DA:8,59
DA:11,1
DA:12,3
DA:15,1
DA:16,0
DA:19,1
DA:20,6
DA:21,18
DA:25,1
DA:26,5
DA:27,15
DA:31,1
DA:32,3
DA:33,24
DA:37,1
DA:38,29
DA:39,0
DA:41,29
DA:44,1
DA:45,6
DA:46,0
DA:48,6
DA:51,1
DA:52,2
DA:53,2
DA:54,2
DA:55,4
DA:57,2
DA:59,0
DA:62,1
DA:63,14
DA:64,14
DA:65,0
DA:67,14
DA:70,1
DA:71,5
DA:72,5
DA:73,0
DA:77,5
DA:80,1
DA:81,5
DA:82,0
DA:86,5
DA:89,1
DA:90,3
DA:91,0
DA:93,3
LF:49
LH:41
BRDA:8,0,0,59
BRDA:8,0,1,0
BRDA:12,1,0,3
BRDA:12,1,1,0
BRDA:38,2,0,0
BRDA:38,3,0,29
BRDA:38,3,1,29
BRDA:45,4,0,0
BRDA:45,5,0,6
BRDA:45,5,1,6
BRDA:45,5,2,6
BRDA:52,6,0,2
BRDA:64,7,0,0
BRDA:64,8,0,14
BRDA:64,8,1,14
BRDA:64,8,2,14
BRDA:64,8,3,14
BRDA:72,9,0,0
BRDA:72,10,0,5
BRDA:72,10,1,5
BRDA:72,10,2,5
BRDA:81,11,0,0
BRDA:81,12,0,5
BRDA:81,12,1,5
BRDA:81,12,2,5
BRDA:90,13,0,0
BRDA:90,14,0,3
BRDA:90,14,1,3
BRF:28
BRH:20
end_of_record
TN:
SF:src\utils\patientDataParser.ts
FN:5,(anonymous_1)
FN:18,(anonymous_2)
FNF:2
FNH:2
FNDA:5,(anonymous_1)
FNDA:6,(anonymous_2)
DA:2,1
DA:3,1
DA:5,1
DA:6,5
DA:7,0
DA:9,5
DA:16,5
DA:17,5
DA:18,5
DA:19,6
DA:22,6
DA:23,6
DA:28,5
DA:36,5
DA:38,0
DA:41,1
LF:16
LH:14
BRDA:6,0,0,0
BRDA:6,1,0,5
BRDA:6,1,1,5
BRDA:9,2,0,5
BRDA:10,3,0,5
BRDA:10,3,1,5
BRDA:10,3,2,5
BRDA:10,3,3,5
BRDA:10,3,4,5
BRDA:17,4,0,5
BRDA:17,5,0,5
BRDA:17,5,1,5
BRDA:22,6,0,6
BRF:13
BRH:12
end_of_record
TN:
SF:src\utils\patientEntriesParser.ts
FN:10,(anonymous_0)
FNF:1
FNH:1
FNDA:6,(anonymous_0)
DA:2,1
DA:10,1
DA:11,6
DA:12,0
DA:14,6
DA:20,6
DA:22,1
DA:29,1
DA:40,1
DA:42,1
DA:48,1
DA:50,0
DA:52,2
DA:53,2
DA:61,2
DA:63,1
DA:69,2
DA:77,1
DA:86,2
DA:88,0
DA:90,3
DA:91,3
DA:99,3
DA:100,0
DA:101,0
DA:107,3
DA:109,0
DA:111,0
DA:114,0
DA:117,1
LF:30
LH:22
BRDA:11,0,0,0
BRDA:11,1,0,6
BRDA:11,1,1,6
BRDA:14,2,0,6
BRDA:15,3,0,6
BRDA:15,3,1,6
BRDA:15,3,2,6
BRDA:15,3,3,6
BRDA:20,4,0,1
BRDA:20,4,1,2
BRDA:20,4,2,3
BRDA:20,4,3,0
BRDA:22,5,0,1
BRDA:23,6,0,1
BRDA:23,6,1,1
BRDA:23,6,2,1
BRDA:23,6,3,1
BRDA:23,6,4,1
BRDA:40,7,0,1
BRDA:52,8,0,2
BRDA:61,9,0,1
BRDA:69,10,0,1
BRDA:70,11,0,2
BRDA:70,11,1,1
BRDA:70,11,2,1
BRDA:70,11,3,1
BRDA:70,11,4,1
BRDA:90,12,0,3
BRDA:99,13,0,0
BRF:29
BRH:26
end_of_record
