TN:
SF:data\diagnoses.ts
FNF:0
FNH:0
DA:3,2
DA:83,2
LF:2
LH:2
BRF:0
BRH:0
end_of_record
TN:
SF:data\patients.ts
FN:116,(anonymous_1)
FN:119,(anonymous_2)
FNF:2
FNH:2
FNDA:10,(anonymous_1)
FNDA:12,(anonymous_2)
DA:2,2
DA:4,2
DA:116,2
DA:117,10
DA:118,10
DA:119,10
DA:120,12
DA:122,10
DA:125,2
LF:9
LH:9
BRF:0
BRH:0
end_of_record
TN:
SF:src\app.ts
FN:11,(anonymous_1)
FNF:1
FNH:0
FNDA:0,(anonymous_1)
DA:1,2
DA:2,2
DA:4,2
DA:5,2
DA:7,2
DA:8,2
DA:9,2
DA:11,2
DA:12,0
DA:13,0
DA:16,2
DA:18,2
DA:20,2
LF:13
LH:11
BRF:0
BRH:0
end_of_record
TN:
SF:src\types.ts
FN:17,(anonymous_0)
FN:24,(anonymous_1)
FN:69,(anonymous_2)
FNF:3
FNH:3
FNDA:2,(anonymous_0)
FNDA:2,(anonymous_1)
FNDA:2,(anonymous_2)
DA:17,2
DA:18,2
DA:19,2
DA:20,2
DA:21,2
DA:24,2
DA:25,2
DA:26,2
DA:27,2
DA:69,2
DA:70,2
DA:71,2
DA:72,2
LF:13
LH:13
BRDA:17,0,0,2
BRDA:17,0,1,2
BRDA:24,1,0,2
BRDA:24,1,1,2
BRDA:69,2,0,2
BRDA:69,2,1,2
BRF:6
BRH:6
end_of_record
TN:
SF:src\routes\diagnoses.ts
FN:6,(anonymous_1)
FN:10,(anonymous_2)
FNF:2
FNH:1
FNDA:2,(anonymous_1)
FNDA:0,(anonymous_2)
DA:1,2
DA:2,2
DA:4,2
DA:6,2
DA:7,2
DA:10,2
DA:11,0
DA:14,2
LF:8
LH:7
BRF:0
BRH:0
end_of_record
TN:
SF:src\routes\patients.ts
FN:8,(anonymous_1)
FN:12,(anonymous_2)
FN:16,(anonymous_3)
FN:20,(anonymous_4)
FN:34,(anonymous_5)
FNF:5
FNH:4
FNDA:7,(anonymous_1)
FNDA:2,(anonymous_2)
FNDA:0,(anonymous_3)
FNDA:5,(anonymous_4)
FNDA:1,(anonymous_5)
DA:1,2
DA:2,2
DA:3,2
DA:4,2
DA:6,2
DA:8,2
DA:9,7
DA:12,2
DA:13,2
DA:16,2
DA:17,0
DA:20,2
DA:21,5
DA:22,5
DA:23,1
DA:24,1
DA:26,4
DA:27,4
DA:28,4
DA:30,4
DA:34,2
DA:35,1
DA:36,1
DA:37,1
DA:38,1
DA:41,0
DA:42,0
DA:43,0
DA:45,0
DA:50,2
LF:30
LH:25
BRDA:27,0,0,4
BRDA:37,1,0,1
BRDA:42,2,0,0
BRF:3
BRH:2
end_of_record
TN:
SF:src\services\diagnoseService.ts
FN:4,(anonymous_1)
FN:8,(anonymous_2)
FN:9,(anonymous_3)
FNF:3
FNH:2
FNDA:0,(anonymous_1)
FNDA:2,(anonymous_2)
FNDA:30,(anonymous_3)
DA:1,2
DA:4,2
DA:5,0
DA:8,2
DA:9,30
DA:15,2
LF:6
LH:5
BRF:0
BRH:0
end_of_record
TN:
SF:src\services\patientService.ts
FN:14,(anonymous_1)
FN:16,(anonymous_2)
FN:27,(anonymous_3)
FN:28,(anonymous_4)
FN:35,(anonymous_5)
FN:36,(anonymous_6)
FN:43,(anonymous_7)
FN:54,(anonymous_8)
FN:55,(anonymous_9)
FN:69,(anonymous_10)
FNF:10
FNH:8
FNDA:7,(anonymous_1)
FNDA:40,(anonymous_2)
FNDA:2,(anonymous_3)
FNDA:8,(anonymous_4)
FNDA:0,(anonymous_5)
FNDA:0,(anonymous_6)
FNDA:1,(anonymous_7)
FNDA:1,(anonymous_8)
FNDA:4,(anonymous_9)
FNDA:6,(anonymous_10)
DA:1,2
DA:2,2
DA:12,2
DA:14,2
DA:15,7
DA:16,40
DA:27,2
DA:28,8
DA:29,2
DA:30,0
DA:32,2
DA:35,2
DA:36,0
DA:37,0
DA:38,0
DA:40,0
DA:43,2
DA:44,1
DA:50,1
DA:51,1
DA:54,2
DA:55,4
DA:56,1
DA:57,0
DA:59,1
DA:64,1
DA:69,6
DA:72,2
LF:28
LH:22
BRDA:29,0,0,0
BRDA:37,1,0,0
BRDA:56,2,0,0
BRDA:69,3,0,1
BRDA:69,3,1,5
BRF:5
BRH:2
end_of_record
TN:
SF:src\utils\helpers.ts
FN:7,(anonymous_0)
FN:11,(anonymous_1)
FN:15,(anonymous_2)
FN:19,(anonymous_3)
FN:21,(anonymous_4)
FN:25,(anonymous_5)
FN:27,(anonymous_6)
FN:31,(anonymous_7)
FN:33,(anonymous_8)
FN:37,(anonymous_9)
FN:44,(anonymous_10)
FN:51,(anonymous_11)
FN:54,(anonymous_12)
FN:62,(anonymous_13)
FN:70,(anonymous_14)
FN:80,(anonymous_15)
FN:89,(anonymous_16)
FNF:17
FNH:16
FNDA:140,(anonymous_0)
FNDA:7,(anonymous_1)
FNDA:0,(anonymous_2)
FNDA:13,(anonymous_3)
FNDA:39,(anonymous_4)
FNDA:13,(anonymous_5)
FNDA:39,(anonymous_6)
FNDA:7,(anonymous_7)
FNDA:56,(anonymous_8)
FNDA:66,(anonymous_9)
FNDA:13,(anonymous_10)
FNDA:4,(anonymous_11)
FNDA:8,(anonymous_12)
FNDA:34,(anonymous_13)
FNDA:14,(anonymous_14)
FNDA:13,(anonymous_15)
FNDA:7,(anonymous_16)
DA:1,2
DA:7,2
DA:8,140
DA:11,2
DA:12,7
DA:15,2
DA:16,0
DA:19,2
DA:20,13
DA:21,39
DA:25,2
DA:26,13
DA:27,39
DA:31,2
DA:32,7
DA:33,56
DA:37,2
DA:38,66
DA:39,0
DA:41,66
DA:44,2
DA:45,13
DA:46,0
DA:48,13
DA:51,2
DA:52,4
DA:53,4
DA:54,4
DA:55,8
DA:57,4
DA:59,0
DA:62,2
DA:63,34
DA:64,34
DA:65,1
DA:67,33
DA:70,2
DA:71,14
DA:72,14
DA:73,1
DA:77,13
DA:80,2
DA:81,13
DA:82,2
DA:86,11
DA:89,2
DA:90,7
DA:91,0
DA:93,7
LF:49
LH:44
BRDA:8,0,0,140
BRDA:8,0,1,0
BRDA:12,1,0,7
BRDA:12,1,1,0
BRDA:38,2,0,0
BRDA:38,3,0,66
BRDA:38,3,1,66
BRDA:45,4,0,0
BRDA:45,5,0,13
BRDA:45,5,1,13
BRDA:45,5,2,13
BRDA:52,6,0,4
BRDA:64,7,0,1
BRDA:64,8,0,34
BRDA:64,8,1,34
BRDA:64,8,2,34
BRDA:64,8,3,34
BRDA:72,9,0,1
BRDA:72,10,0,14
BRDA:72,10,1,14
BRDA:72,10,2,14
BRDA:81,11,0,2
BRDA:81,12,0,13
BRDA:81,12,1,13
BRDA:81,12,2,13
BRDA:90,13,0,0
BRDA:90,14,0,7
BRDA:90,14,1,7
BRF:28
BRH:23
end_of_record
TN:
SF:src\utils\patientDataParser.ts
FN:5,(anonymous_1)
FN:18,(anonymous_2)
FNF:2
FNH:2
FNDA:15,(anonymous_1)
FNDA:12,(anonymous_2)
DA:2,2
DA:3,2
DA:5,2
DA:6,15
DA:7,0
DA:9,15
DA:16,15
DA:17,15
DA:18,10
DA:19,12
DA:22,12
DA:23,12
DA:28,15
DA:36,11
DA:38,0
DA:41,2
LF:16
LH:14
BRDA:6,0,0,0
BRDA:6,1,0,15
BRDA:6,1,1,15
BRDA:9,2,0,15
BRDA:10,3,0,15
BRDA:10,3,1,15
BRDA:10,3,2,15
BRDA:10,3,3,15
BRDA:10,3,4,15
BRDA:17,4,0,10
BRDA:17,5,0,15
BRDA:17,5,1,10
BRDA:22,6,0,12
BRF:13
BRH:12
end_of_record
TN:
SF:src\utils\patientEntriesParser.ts
FN:10,(anonymous_0)
FNF:1
FNH:1
FNDA:13,(anonymous_0)
DA:2,2
DA:10,2
DA:11,13
DA:12,0
DA:14,13
DA:20,13
DA:22,2
DA:29,2
DA:40,2
DA:42,2
DA:48,2
DA:50,0
DA:52,4
DA:53,4
DA:61,4
DA:63,2
DA:69,4
DA:77,2
DA:86,4
DA:88,0
DA:90,7
DA:91,7
DA:99,7
DA:100,0
DA:101,0
DA:107,7
DA:109,0
DA:111,0
DA:114,0
DA:117,2
LF:30
LH:22
BRDA:11,0,0,0
BRDA:11,1,0,13
BRDA:11,1,1,13
BRDA:14,2,0,13
BRDA:15,3,0,13
BRDA:15,3,1,13
BRDA:15,3,2,13
BRDA:15,3,3,13
BRDA:20,4,0,2
BRDA:20,4,1,4
BRDA:20,4,2,7
BRDA:20,4,3,0
BRDA:22,5,0,2
BRDA:23,6,0,2
BRDA:23,6,1,2
BRDA:23,6,2,2
BRDA:23,6,3,2
BRDA:23,6,4,2
BRDA:40,7,0,2
BRDA:52,8,0,4
BRDA:61,9,0,2
BRDA:69,10,0,2
BRDA:70,11,0,4
BRDA:70,11,1,2
BRDA:70,11,2,2
BRDA:70,11,3,2
BRDA:70,11,4,2
BRDA:90,12,0,7
BRDA:99,13,0,0
BRF:29
BRH:26
end_of_record
